<?xml version="1.0" encoding="utf-8"?><testsuites><testsuite name="pytest" errors="0" failures="0" skipped="0" tests="3" time="3.192" timestamp="2025-05-06T21:38:38.711578-04:00" hostname="IgorSpivakDellLaptop"><testcase classname="src.users.test_create_delete" name="test_create_users_success" time="1.594" /><testcase classname="src.users.test_create_delete" name="test_create_users_unsuccess" time="0.744" /><testcase classname="src.users.test_update" name="test_update_users_success" time="0.751" /></testsuite></testsuites>